Using pre-set license
Built from '2020.3/staging' branch; Version is '2020.3.16f1 (049d6eca3c44) revision 302446'; Using compiler version '192528614'; Build Type 'Release'
OS: 'Windows 10 Pro; OS build 19043.1348; Version 2009; 64bit' Language: 'en' Physical Memory: 8009 MB
BatchMode: 1, IsHumanControllingUs: 0, StartBugReporterOnCrash: 0, Is64bit: 1, IsPro: 0

 COMMAND LINE ARGUMENTS:
C:\Program Files\2020.3.16f1\Editor\Unity.exe
-adb2
-batchMode
-noUpm
-name
AssetImportWorker0
-projectPath
F:/Game Dev Work/GitHub Clones/RoomRunner/Room Runner
-logFile
Logs/AssetImportWorker0.log
-srvPort
51812
Successfully changed project path to: F:/Game Dev Work/GitHub Clones/RoomRunner/Room Runner
F:/Game Dev Work/GitHub Clones/RoomRunner/Room Runner
Using Asset Import Pipeline V2.
Refreshing native plugins compatible for Editor in 145.65 ms, found 2 plugins.
Preloading 0 native plugins for Editor in 0.00 ms.
Initialize engine version: 2020.3.16f1 (049d6eca3c44)
[Subsystems] Discovering subsystems at path C:/Program Files/2020.3.16f1/Editor/Data/Resources/UnitySubsystems
[Subsystems] Discovering subsystems at path F:/Game Dev Work/GitHub Clones/RoomRunner/Room Runner/Assets
GfxDevice: creating device client; threaded=0
Direct3D:
    Version:  Direct3D 11.0 [level 11.1]
    Renderer: Intel(R) HD Graphics 4600 (ID=0x412)
    Vendor:   
    VRAM:     2048 MB
    Driver:   20.19.15.4963
Shader 'Universal Render Pipeline/Particles/Lit': fallback shader 'Universal Render Pipeline/Particles/SimpleLit' not found
Initialize mono
Mono path[0] = 'C:/Program Files/2020.3.16f1/Editor/Data/Managed'
Mono path[1] = 'C:/Program Files/2020.3.16f1/Editor/Data/MonoBleedingEdge/lib/mono/unityjit'
Mono config path = 'C:/Program Files/2020.3.16f1/Editor/Data/MonoBleedingEdge/etc'
Using monoOptions --debugger-agent=transport=dt_socket,embedding=1,server=y,suspend=n,address=127.0.0.1:56572
Begin MonoManager ReloadAssembly
Registering precompiled unity dll's ...
Register platform support module: C:/Program Files/2020.3.16f1/Editor/Data/PlaybackEngines/WindowsStandaloneSupport/UnityEditor.WindowsStandalone.Extensions.dll
Registered in 0.002439 seconds.
Native extension for WindowsStandalone target not found
Refreshing native plugins compatible for Editor in 141.00 ms, found 2 plugins.
Preloading 0 native plugins for Editor in 0.00 ms.
Mono: successfully reloaded assembly
- Completed reload, in  3.534 seconds
Domain Reload Profiling:
	ReloadAssembly (3534ms)
		BeginReloadAssembly (64ms)
			ExecutionOrderSort (0ms)
			DisableScriptedObjects (0ms)
			BackupInstance (0ms)
			ReleaseScriptingObjects (0ms)
			CreateAndSetChildDomain (1ms)
		EndReloadAssembly (622ms)
			LoadAssemblies (60ms)
			RebuildTransferFunctionScriptingTraits (0ms)
			SetupTypeCache (203ms)
			ReleaseScriptCaches (0ms)
			RebuildScriptCaches (39ms)
			SetupLoadedEditorAssemblies (290ms)
				LogAssemblyErrors (0ms)
				InitializePlatformSupportModulesInManaged (5ms)
				SetLoadedEditorAssemblies (0ms)
				RefreshPlugins (141ms)
				BeforeProcessingInitializeOnLoad (19ms)
				ProcessInitializeOnLoadAttributes (90ms)
				ProcessInitializeOnLoadMethodAttributes (34ms)
				AfterProcessingInitializeOnLoad (0ms)
				EditorAssembliesLoaded (0ms)
			ExecutionOrderSort2 (0ms)
			AwakeInstancesAfterBackupRestoration (0ms)
Platform modules already initialized, skipping
Registering precompiled user dll's ...
Registered in 0.005702 seconds.
Begin MonoManager ReloadAssembly
Native extension for WindowsStandalone target not found
Refreshing native plugins compatible for Editor in 147.23 ms, found 2 plugins.
Preloading 0 native plugins for Editor in 0.00 ms.
Mono: successfully reloaded assembly
- Completed reload, in  1.586 seconds
Domain Reload Profiling:
	ReloadAssembly (1587ms)
		BeginReloadAssembly (172ms)
			ExecutionOrderSort (0ms)
			DisableScriptedObjects (5ms)
			BackupInstance (0ms)
			ReleaseScriptingObjects (0ms)
			CreateAndSetChildDomain (23ms)
		EndReloadAssembly (1339ms)
			LoadAssemblies (107ms)
			RebuildTransferFunctionScriptingTraits (0ms)
			SetupTypeCache (401ms)
			ReleaseScriptCaches (1ms)
			RebuildScriptCaches (67ms)
			SetupLoadedEditorAssemblies (607ms)
				LogAssemblyErrors (0ms)
				InitializePlatformSupportModulesInManaged (4ms)
				SetLoadedEditorAssemblies (0ms)
				RefreshPlugins (147ms)
				BeforeProcessingInitializeOnLoad (102ms)
				ProcessInitializeOnLoadAttributes (341ms)
				ProcessInitializeOnLoadMethodAttributes (6ms)
				AfterProcessingInitializeOnLoad (7ms)
				EditorAssembliesLoaded (0ms)
			ExecutionOrderSort2 (0ms)
			AwakeInstancesAfterBackupRestoration (8ms)
Platform modules already initialized, skipping
========================================================================
Worker process is ready to serve import requests
Shader 'Universal Render Pipeline/Particles/Lit': fallback shader 'Universal Render Pipeline/Particles/SimpleLit' not found
Launched and connected shader compiler UnityShaderCompiler.exe after 0.08 seconds
Refreshing native plugins compatible for Editor in 1.70 ms, found 2 plugins.
Preloading 0 native plugins for Editor in 0.00 ms.
Unloading 2894 Unused Serialized files (Serialized files now loaded: 0)
System memory in use before: 214.2 MB.
System memory in use after: 214.3 MB.

Unloading 22 unused Assets to reduce memory usage. Loaded Objects now: 3332.
Total: 4.946600 ms (FindLiveObjects: 0.426100 ms CreateObjectMapping: 0.305300 ms MarkObjects: 3.932700 ms  DeleteObjects: 0.281200 ms)

AssetImportParameters requested are different than current active one (requested -> active):
  custom:framework-win-MediaFoundation: 216162199b28c13a410421893ffa2e32 -> 
  custom:video-decoder-ogg-theora: a1e56fd34408186e4bbccfd4996cb3dc -> 
  custom:container-muxer-webm: aa71ff27fc2769a1b78a27578f13a17b -> 
  custom:container-demuxer-webm: 4f35f7cbe854078d1ac9338744f61a02 -> 
  custom:container-demuxer-ogg: 62fdf1f143b41e24485cea50d1cbac27 -> 
  custom:video-encoder-webm-vp8: eb34c28f22e8b96e1ab97ce403110664 -> 
  custom:video-decoder-webm-vp8: 9c59270c3fd7afecdb556c50c9e8de78 -> 
  custom:audio-decoder-ogg-vorbis: bf7c407c2cedff20999df2af8eb42d56 -> 
  custom:audio-encoder-webm-vorbis: bf7c407c2cedff20999df2af8eb42d56 -> 
========================================================================
Received Import Request.
  path: Assets/AssetPacks/OfficeAssets/Prefabs/Generic/SM_Generic_TreeDead_01.prefab
  artifactKey: Guid(d2d93f1bbce4b6c4a8cbe3fe3054be36) Importer(815301076,1909f56bfc062723c751e8b465ee728b)
Start importing Assets/AssetPacks/OfficeAssets/Prefabs/Generic/SM_Generic_TreeDead_01.prefab using Guid(d2d93f1bbce4b6c4a8cbe3fe3054be36) Importer(815301076,1909f56bfc062723c751e8b465ee728b)  -> (artifact id: '0f40282a7b37484651247d70e37d6bc4') in 0.875840 seconds 
  Import took 0.894412 seconds .

========================================================================
Received Import Request.
  Time since last request: 0.000223 seconds.
  path: Assets/AssetPacks/OfficeAssets/Prefabs/Props/Furniture/SM_Prop_Cabinets_01.prefab
  artifactKey: Guid(15fa9e280fc90fe408f14660ac85d0f8) Importer(815301076,1909f56bfc062723c751e8b465ee728b)
Start importing Assets/AssetPacks/OfficeAssets/Prefabs/Props/Furniture/SM_Prop_Cabinets_01.prefab using Guid(15fa9e280fc90fe408f14660ac85d0f8) Importer(815301076,1909f56bfc062723c751e8b465ee728b)  -> (artifact id: '883b79639985fea7ff47bd36e667e7a8') in 0.522574 seconds 
  Import took 0.564953 seconds .

========================================================================
Received Import Request.
  Time since last request: 0.000225 seconds.
  path: Assets/AssetPacks/OfficeAssets/Prefabs/Props/Furniture/SM_Prop_Cabinets_03.prefab
  artifactKey: Guid(504ddc0712bae274aa47df4601826d55) Importer(815301076,1909f56bfc062723c751e8b465ee728b)
Start importing Assets/AssetPacks/OfficeAssets/Prefabs/Props/Furniture/SM_Prop_Cabinets_03.prefab using Guid(504ddc0712bae274aa47df4601826d55) Importer(815301076,1909f56bfc062723c751e8b465ee728b)  -> (artifact id: 'b5b63593206e78038c07dc926ee51950') in 0.538120 seconds 
  Import took 0.572951 seconds .

========================================================================
Received Import Request.
  Time since last request: 0.000365 seconds.
  path: Assets/AssetPacks/OfficeAssets/Prefabs/Props/Furniture/SM_Prop_Chair_02.prefab
  artifactKey: Guid(5f147bf2d454b8c4ca245ebc801a395f) Importer(815301076,1909f56bfc062723c751e8b465ee728b)
Start importing Assets/AssetPacks/OfficeAssets/Prefabs/Props/Furniture/SM_Prop_Chair_02.prefab using Guid(5f147bf2d454b8c4ca245ebc801a395f) Importer(815301076,1909f56bfc062723c751e8b465ee728b)  -> (artifact id: '37dec8a014d635bd5fa6befc024f6eb3') in 0.552858 seconds 
  Import took 0.585289 seconds .

========================================================================
Received Import Request.
  Time since last request: 0.000311 seconds.
  path: Assets/AssetPacks/OfficeAssets/Prefabs/Props/Furniture/SM_Prop_Chair_01.prefab
  artifactKey: Guid(51bf789fc9fa2e44499d7c3d307e53f5) Importer(815301076,1909f56bfc062723c751e8b465ee728b)
Start importing Assets/AssetPacks/OfficeAssets/Prefabs/Props/Furniture/SM_Prop_Chair_01.prefab using Guid(51bf789fc9fa2e44499d7c3d307e53f5) Importer(815301076,1909f56bfc062723c751e8b465ee728b)  -> (artifact id: 'd131aebdcbcaef485f5319c0d3ed5709') in 0.487048 seconds 
  Import took 0.514043 seconds .

========================================================================
Received Import Request.
  Time since last request: 0.000256 seconds.
  path: Assets/AssetPacks/OfficeAssets/Prefabs/Props/Furniture/SM_Prop_Cabinets_02.prefab
  artifactKey: Guid(cdde662d641d7dd4fa1082279978472b) Importer(815301076,1909f56bfc062723c751e8b465ee728b)
Start importing Assets/AssetPacks/OfficeAssets/Prefabs/Props/Furniture/SM_Prop_Cabinets_02.prefab using Guid(cdde662d641d7dd4fa1082279978472b) Importer(815301076,1909f56bfc062723c751e8b465ee728b)  -> (artifact id: '713676cc0ab6fee9903c7be6332c558b') in 0.549868 seconds 
  Import took 0.594736 seconds .

========================================================================
Received Import Request.
  Time since last request: 2.299549 seconds.
  path: Assets/AssetPacks/OfficeAssets/Prefabs/Props/Furniture/SM_Prop_Chair_04.prefab
  artifactKey: Guid(ab77ddfb12a0d0b4483ddbb53202bcc2) Importer(815301076,1909f56bfc062723c751e8b465ee728b)
Start importing Assets/AssetPacks/OfficeAssets/Prefabs/Props/Furniture/SM_Prop_Chair_04.prefab using Guid(ab77ddfb12a0d0b4483ddbb53202bcc2) Importer(815301076,1909f56bfc062723c751e8b465ee728b)  -> (artifact id: 'd46843b24aefaffcddd145556b47b3fa') in 0.459994 seconds 
  Import took 0.497670 seconds .

========================================================================
Received Import Request.
  Time since last request: 0.000304 seconds.
  path: Assets/AssetPacks/OfficeAssets/Prefabs/Props/Furniture/SM_Prop_Chair_05.prefab
  artifactKey: Guid(d1fc99d1fc5715c4da4882d0721692ee) Importer(815301076,1909f56bfc062723c751e8b465ee728b)
Start importing Assets/AssetPacks/OfficeAssets/Prefabs/Props/Furniture/SM_Prop_Chair_05.prefab using Guid(d1fc99d1fc5715c4da4882d0721692ee) Importer(815301076,1909f56bfc062723c751e8b465ee728b)  -> (artifact id: '6a0ed65afbe0200969bc282b2548265a') in 0.478394 seconds 
  Import took 0.495237 seconds .

========================================================================
Received Import Request.
  Time since last request: 0.000251 seconds.
  path: Assets/AssetPacks/OfficeAssets/Prefabs/Props/Furniture/SM_Prop_Chair_06.prefab
  artifactKey: Guid(d404b8efc4a32c14ea0f717b9cba33c4) Importer(815301076,1909f56bfc062723c751e8b465ee728b)
Start importing Assets/AssetPacks/OfficeAssets/Prefabs/Props/Furniture/SM_Prop_Chair_06.prefab using Guid(d404b8efc4a32c14ea0f717b9cba33c4) Importer(815301076,1909f56bfc062723c751e8b465ee728b)  -> (artifact id: '57e1d86252a7079ea363a128ef1fb350') in 0.495010 seconds 
  Import took 0.532642 seconds .

========================================================================
Received Import Request.
  Time since last request: 0.000250 seconds.
  path: Assets/AssetPacks/OfficeAssets/Prefabs/Props/Furniture/SM_Prop_Chair_07.prefab
  artifactKey: Guid(42f49538d10d0c34d985182fb749398b) Importer(815301076,1909f56bfc062723c751e8b465ee728b)
Start importing Assets/AssetPacks/OfficeAssets/Prefabs/Props/Furniture/SM_Prop_Chair_07.prefab using Guid(42f49538d10d0c34d985182fb749398b) Importer(815301076,1909f56bfc062723c751e8b465ee728b)  -> (artifact id: 'eac641dd64895859ab15d342e8e00ac8') in 0.505022 seconds 
  Import took 0.529476 seconds .

========================================================================
Received Import Request.
  Time since last request: 2.311302 seconds.
  path: Assets/AssetPacks/OfficeAssets/Prefabs/Props/Furniture/SM_Prop_Chair_08.prefab
  artifactKey: Guid(ba42dc8ff1cca6c4bae60853a1e18ffc) Importer(815301076,1909f56bfc062723c751e8b465ee728b)
Start importing Assets/AssetPacks/OfficeAssets/Prefabs/Props/Furniture/SM_Prop_Chair_08.prefab using Guid(ba42dc8ff1cca6c4bae60853a1e18ffc) Importer(815301076,1909f56bfc062723c751e8b465ee728b)  -> (artifact id: 'dd96ab5b4089354e790e00a54f9f449f') in 0.480035 seconds 
  Import took 0.517303 seconds .

========================================================================
Received Import Request.
  Time since last request: 0.021970 seconds.
  path: Assets/AssetPacks/OfficeAssets/Prefabs/Props/Furniture/SM_Prop_Chair_09.prefab
  artifactKey: Guid(3250b357f6aee8949a2aaaf6c2e39648) Importer(815301076,1909f56bfc062723c751e8b465ee728b)
Start importing Assets/AssetPacks/OfficeAssets/Prefabs/Props/Furniture/SM_Prop_Chair_09.prefab using Guid(3250b357f6aee8949a2aaaf6c2e39648) Importer(815301076,1909f56bfc062723c751e8b465ee728b)  -> (artifact id: '7d3c8183e5a28eddc7cc82a7f52103e1') in 0.513954 seconds 
  Import took 0.541773 seconds .

========================================================================
Received Import Request.
  Time since last request: 37.509726 seconds.
  path: Assets/AssetPacks/OfficeAssets/Prefabs/Props/Furniture/SM_Prop_Chair_BeanBag_01.prefab
  artifactKey: Guid(ba0062436167ab542828dd808a230863) Importer(815301076,1909f56bfc062723c751e8b465ee728b)
Start importing Assets/AssetPacks/OfficeAssets/Prefabs/Props/Furniture/SM_Prop_Chair_BeanBag_01.prefab using Guid(ba0062436167ab542828dd808a230863) Importer(815301076,1909f56bfc062723c751e8b465ee728b)  -> (artifact id: 'c98f8a90fa2e98068d6faf16d36edab3') in 0.599065 seconds 
  Import took 0.623220 seconds .

========================================================================
Received Import Request.
  Time since last request: 0.950346 seconds.
  path: Assets/AssetPacks/OfficeAssets/Prefabs/Props/Furniture/SM_Prop_Chair_BeanBag_02.prefab
  artifactKey: Guid(51b795ff209f3a4459e4df0c459e3f85) Importer(815301076,1909f56bfc062723c751e8b465ee728b)
Start importing Assets/AssetPacks/OfficeAssets/Prefabs/Props/Furniture/SM_Prop_Chair_BeanBag_02.prefab using Guid(51b795ff209f3a4459e4df0c459e3f85) Importer(815301076,1909f56bfc062723c751e8b465ee728b)  -> (artifact id: '0ca4e549130bdeb2d2fc5e53ac599f3a') in 0.521458 seconds 
  Import took 0.560248 seconds .

========================================================================
Received Import Request.
  Time since last request: 0.000451 seconds.
  path: Assets/AssetPacks/OfficeAssets/Prefabs/Props/Furniture/SM_Prop_Chair_BeanBag_04.prefab
  artifactKey: Guid(4f9e8a4062d7cfc478a2d7e611b68f90) Importer(815301076,1909f56bfc062723c751e8b465ee728b)
Start importing Assets/AssetPacks/OfficeAssets/Prefabs/Props/Furniture/SM_Prop_Chair_BeanBag_04.prefab using Guid(4f9e8a4062d7cfc478a2d7e611b68f90) Importer(815301076,1909f56bfc062723c751e8b465ee728b)  -> (artifact id: 'cfa1b37d7d41ef3d66cd073818a04d0b') in 0.529071 seconds 
  Import took 0.538645 seconds .

========================================================================
Received Import Request.
  Time since last request: 0.000315 seconds.
  path: Assets/AssetPacks/OfficeAssets/Prefabs/Props/Furniture/SM_Prop_CoffeeTable_03.prefab
  artifactKey: Guid(feeedd79b3dccbd42b59e3f643966909) Importer(815301076,1909f56bfc062723c751e8b465ee728b)
Start importing Assets/AssetPacks/OfficeAssets/Prefabs/Props/Furniture/SM_Prop_CoffeeTable_03.prefab using Guid(feeedd79b3dccbd42b59e3f643966909) Importer(815301076,1909f56bfc062723c751e8b465ee728b)  -> (artifact id: '79ffa6328be4993ff05a9b7ab9294fe6') in 0.521537 seconds 
  Import took 0.541792 seconds .

========================================================================
Received Import Request.
  Time since last request: 0.000418 seconds.
  path: Assets/AssetPacks/OfficeAssets/Prefabs/Props/Furniture/SM_Prop_CoffeeTable_02.prefab
  artifactKey: Guid(ef6e42722a04b8545ab910932b7ceefe) Importer(815301076,1909f56bfc062723c751e8b465ee728b)
Start importing Assets/AssetPacks/OfficeAssets/Prefabs/Props/Furniture/SM_Prop_CoffeeTable_02.prefab using Guid(ef6e42722a04b8545ab910932b7ceefe) Importer(815301076,1909f56bfc062723c751e8b465ee728b)  -> (artifact id: '9299c79cde9c807f66ea269221dd3e1b') in 0.492978 seconds 
  Import took 0.534239 seconds .

========================================================================
Received Import Request.
  Time since last request: 0.000405 seconds.
  path: Assets/AssetPacks/OfficeAssets/Prefabs/Props/Furniture/SM_Prop_CoffeeTable_01.prefab
  artifactKey: Guid(32a09e7d21324f242961c75f84bfa182) Importer(815301076,1909f56bfc062723c751e8b465ee728b)
Start importing Assets/AssetPacks/OfficeAssets/Prefabs/Props/Furniture/SM_Prop_CoffeeTable_01.prefab using Guid(32a09e7d21324f242961c75f84bfa182) Importer(815301076,1909f56bfc062723c751e8b465ee728b)  -> (artifact id: '094351e4d462d00eb46ad5c550cc002e') in 0.528166 seconds 
  Import took 0.555862 seconds .

========================================================================
Received Import Request.
  Time since last request: 0.000224 seconds.
  path: Assets/AssetPacks/OfficeAssets/Prefabs/Props/Furniture/SM_Prop_Chair_BeanBag_03.prefab
  artifactKey: Guid(4049acbc020051c449977e4a1cc6419f) Importer(815301076,1909f56bfc062723c751e8b465ee728b)
Start importing Assets/AssetPacks/OfficeAssets/Prefabs/Props/Furniture/SM_Prop_Chair_BeanBag_03.prefab using Guid(4049acbc020051c449977e4a1cc6419f) Importer(815301076,1909f56bfc062723c751e8b465ee728b)  -> (artifact id: '580816b6096054b551e55ad8a27500b9') in 0.480747 seconds 
  Import took 0.494111 seconds .

========================================================================
Received Import Request.
  Time since last request: 25.824856 seconds.
  path: Assets/AssetPacks/OfficeAssets/Prefabs/Props/Furniture/SM_Prop_Couch_01.prefab
  artifactKey: Guid(88eeba5740346094a952e5fbeeccd7d2) Importer(815301076,1909f56bfc062723c751e8b465ee728b)
Start importing Assets/AssetPacks/OfficeAssets/Prefabs/Props/Furniture/SM_Prop_Couch_01.prefab using Guid(88eeba5740346094a952e5fbeeccd7d2) Importer(815301076,1909f56bfc062723c751e8b465ee728b)  -> (artifact id: '71c8a3b96ae33cd39b4c694278f74a03') in 0.575190 seconds 
  Import took 0.609376 seconds .

========================================================================
Received Import Request.
  Time since last request: 0.000318 seconds.
  path: Assets/AssetPacks/OfficeAssets/Prefabs/Props/Furniture/SM_Prop_Couch_02.prefab
  artifactKey: Guid(166be69fe9f23c4408afebf84562195f) Importer(815301076,1909f56bfc062723c751e8b465ee728b)
Start importing Assets/AssetPacks/OfficeAssets/Prefabs/Props/Furniture/SM_Prop_Couch_02.prefab using Guid(166be69fe9f23c4408afebf84562195f) Importer(815301076,1909f56bfc062723c751e8b465ee728b)  -> (artifact id: '2a4d436c77aac65b19c27bc3d9ee81f6') in 0.530031 seconds 
  Import took 0.561413 seconds .

========================================================================
Received Import Request.
  Time since last request: 0.000551 seconds.
  path: Assets/AssetPacks/OfficeAssets/Prefabs/Props/Furniture/SM_Prop_Couch_03.prefab
  artifactKey: Guid(89a2f5dca3a597f4f8f4ab7be04660c5) Importer(815301076,1909f56bfc062723c751e8b465ee728b)
Start importing Assets/AssetPacks/OfficeAssets/Prefabs/Props/Furniture/SM_Prop_Couch_03.prefab using Guid(89a2f5dca3a597f4f8f4ab7be04660c5) Importer(815301076,1909f56bfc062723c751e8b465ee728b)  -> (artifact id: '389c857e9b704fa98acf7eebee68d363') in 0.554679 seconds 
  Import took 0.575046 seconds .

========================================================================
Received Import Request.
  Time since last request: 0.000290 seconds.
  path: Assets/AssetPacks/OfficeAssets/Prefabs/Props/Furniture/SM_Prop_Couch_05.prefab
  artifactKey: Guid(9de8288edfa5d0a4ca309f6a3d808680) Importer(815301076,1909f56bfc062723c751e8b465ee728b)
Start importing Assets/AssetPacks/OfficeAssets/Prefabs/Props/Furniture/SM_Prop_Couch_05.prefab using Guid(9de8288edfa5d0a4ca309f6a3d808680) Importer(815301076,1909f56bfc062723c751e8b465ee728b)  -> (artifact id: '5b03b652b37f903e94689d446aad20db') in 0.512661 seconds 
  Import took 0.548415 seconds .

========================================================================
Received Import Request.
  Time since last request: 0.000330 seconds.
  path: Assets/AssetPacks/OfficeAssets/Prefabs/Props/Furniture/SM_Prop_Couch_04.prefab
  artifactKey: Guid(11bececf6299b2b44bbf91e9287ff06c) Importer(815301076,1909f56bfc062723c751e8b465ee728b)
Start importing Assets/AssetPacks/OfficeAssets/Prefabs/Props/Furniture/SM_Prop_Couch_04.prefab using Guid(11bececf6299b2b44bbf91e9287ff06c) Importer(815301076,1909f56bfc062723c751e8b465ee728b)  -> (artifact id: 'bf5388f2269492b9557e5c9c58dee83b') in 0.542038 seconds 
  Import took 0.571831 seconds .

========================================================================
Received Import Request.
  Time since last request: 0.000410 seconds.
  path: Assets/AssetPacks/OfficeAssets/Prefabs/Props/Furniture/SM_Prop_CubicalWall_01_Half.prefab
  artifactKey: Guid(8e9243b5e44eb8c4aa85668e080341fd) Importer(815301076,1909f56bfc062723c751e8b465ee728b)
Start importing Assets/AssetPacks/OfficeAssets/Prefabs/Props/Furniture/SM_Prop_CubicalWall_01_Half.prefab using Guid(8e9243b5e44eb8c4aa85668e080341fd) Importer(815301076,1909f56bfc062723c751e8b465ee728b)  -> (artifact id: 'b47491ee511bfd386641f62116289e05') in 0.480338 seconds 
  Import took 0.504094 seconds .

========================================================================
Received Import Request.
  Time since last request: 0.000334 seconds.
  path: Assets/AssetPacks/OfficeAssets/Prefabs/Props/Furniture/SM_Prop_Couch_06.prefab
  artifactKey: Guid(d3df155069e49a54494940178b384807) Importer(815301076,1909f56bfc062723c751e8b465ee728b)
Start importing Assets/AssetPacks/OfficeAssets/Prefabs/Props/Furniture/SM_Prop_Couch_06.prefab using Guid(d3df155069e49a54494940178b384807) Importer(815301076,1909f56bfc062723c751e8b465ee728b)  -> (artifact id: '0a97319d108bde2977e9a0ca569f6e5e') in 0.530865 seconds 
  Import took 0.567488 seconds .

========================================================================
Received Import Request.
  Time since last request: 0.000312 seconds.
  path: Assets/AssetPacks/OfficeAssets/Prefabs/Props/Furniture/SM_Prop_CubicalWall_01.prefab
  artifactKey: Guid(d9f496733401b3f4cad8a385afe08ddf) Importer(815301076,1909f56bfc062723c751e8b465ee728b)
Start importing Assets/AssetPacks/OfficeAssets/Prefabs/Props/Furniture/SM_Prop_CubicalWall_01.prefab using Guid(d9f496733401b3f4cad8a385afe08ddf) Importer(815301076,1909f56bfc062723c751e8b465ee728b)  -> (artifact id: '515e0333c334926e9506c278e8944bc8') in 0.506298 seconds 
  Import took 0.527980 seconds .

========================================================================
Received Import Request.
  Time since last request: 0.000249 seconds.
  path: Assets/AssetPacks/OfficeAssets/Prefabs/Props/Furniture/SM_Prop_CubicalWall_Tall_01_Half.prefab
  artifactKey: Guid(5396041d7a55b204ba3503236aa64bcd) Importer(815301076,1909f56bfc062723c751e8b465ee728b)
Start importing Assets/AssetPacks/OfficeAssets/Prefabs/Props/Furniture/SM_Prop_CubicalWall_Tall_01_Half.prefab using Guid(5396041d7a55b204ba3503236aa64bcd) Importer(815301076,1909f56bfc062723c751e8b465ee728b)  -> (artifact id: '3c59a46bd0f7df40acb2ec25a6c9c63e') in 0.526180 seconds 
  Import took 0.545952 seconds .

========================================================================
Received Import Request.
  Time since last request: 0.000210 seconds.
  path: Assets/AssetPacks/OfficeAssets/Prefabs/Props/Furniture/SM_Prop_CubicalWall_Tall_01.prefab
  artifactKey: Guid(e4c254ab796d88a44acdeccfbd5c5909) Importer(815301076,1909f56bfc062723c751e8b465ee728b)
Start importing Assets/AssetPacks/OfficeAssets/Prefabs/Props/Furniture/SM_Prop_CubicalWall_Tall_01.prefab using Guid(e4c254ab796d88a44acdeccfbd5c5909) Importer(815301076,1909f56bfc062723c751e8b465ee728b)  -> (artifact id: '0cbe039f067fec016e50bb68eb6e2a90') in 0.484957 seconds 
  Import took 0.493505 seconds .

========================================================================
Received Import Request.
  Time since last request: 0.000276 seconds.
  path: Assets/AssetPacks/OfficeAssets/Prefabs/Props/Furniture/SM_Prop_CubicalWall_Pillar_Tall_01.prefab
  artifactKey: Guid(6520277183ccce54699f5e5fd0c8449e) Importer(815301076,1909f56bfc062723c751e8b465ee728b)
Start importing Assets/AssetPacks/OfficeAssets/Prefabs/Props/Furniture/SM_Prop_CubicalWall_Pillar_Tall_01.prefab using Guid(6520277183ccce54699f5e5fd0c8449e) Importer(815301076,1909f56bfc062723c751e8b465ee728b)  -> (artifact id: '7d6c794b378dfbacdc1b3ec9bd3e9db6') in 0.470731 seconds 
  Import took 0.497693 seconds .

========================================================================
Received Import Request.
  Time since last request: 0.000284 seconds.
  path: Assets/AssetPacks/OfficeAssets/Prefabs/Props/Furniture/SM_Prop_Desk_02.prefab
  artifactKey: Guid(69a63a128d896934ab76197576ef5440) Importer(815301076,1909f56bfc062723c751e8b465ee728b)
Start importing Assets/AssetPacks/OfficeAssets/Prefabs/Props/Furniture/SM_Prop_Desk_02.prefab using Guid(69a63a128d896934ab76197576ef5440) Importer(815301076,1909f56bfc062723c751e8b465ee728b)  -> (artifact id: '9f47f600eea53cfebf9e9e159a7e6328') in 0.553794 seconds 
  Import took 0.577138 seconds .

========================================================================
Received Import Request.
  Time since last request: 1.881532 seconds.
  path: Assets/AssetPacks/OfficeAssets/Prefabs/Props/Furniture/SM_Prop_Desk_05.prefab
  artifactKey: Guid(84926501f719e5b45ba84c271bd0f971) Importer(815301076,1909f56bfc062723c751e8b465ee728b)
Start importing Assets/AssetPacks/OfficeAssets/Prefabs/Props/Furniture/SM_Prop_Desk_05.prefab using Guid(84926501f719e5b45ba84c271bd0f971) Importer(815301076,1909f56bfc062723c751e8b465ee728b)  -> (artifact id: '204c7cf44357dbaf6cf619ffc68b2348') in 0.492594 seconds 
  Import took 0.523179 seconds .

========================================================================
Received Import Request.
  Time since last request: 0.237647 seconds.
  path: Assets/AssetPacks/OfficeAssets/Prefabs/Props/Furniture/SM_Prop_Desk_06.prefab
  artifactKey: Guid(7916be8eb63d3124c9b8f2789c8e284f) Importer(815301076,1909f56bfc062723c751e8b465ee728b)
Start importing Assets/AssetPacks/OfficeAssets/Prefabs/Props/Furniture/SM_Prop_Desk_06.prefab using Guid(7916be8eb63d3124c9b8f2789c8e284f) Importer(815301076,1909f56bfc062723c751e8b465ee728b)  -> (artifact id: '2fe27a7bbb5f3f21a748dbd0f86c08f4') in 0.470818 seconds 
  Import took 0.505058 seconds .

========================================================================
Received Import Request.
  Time since last request: 6.265705 seconds.
  path: Assets/AssetPacks/OfficeAssets/Prefabs/Props/Furniture/SM_Prop_Desk_Standing_01.prefab
  artifactKey: Guid(3f687e3e319e9a548827f0088d491846) Importer(815301076,1909f56bfc062723c751e8b465ee728b)
Start importing Assets/AssetPacks/OfficeAssets/Prefabs/Props/Furniture/SM_Prop_Desk_Standing_01.prefab using Guid(3f687e3e319e9a548827f0088d491846) Importer(815301076,1909f56bfc062723c751e8b465ee728b)  -> (artifact id: '427ef656feeeebd9f010c2af6ca84deb') in 0.554348 seconds 
  Import took 0.579845 seconds .

========================================================================
Received Import Request.
  Time since last request: 0.000220 seconds.
  path: Assets/AssetPacks/OfficeAssets/Prefabs/Props/Furniture/SM_Prop_Desk_Treadmill_01.prefab
  artifactKey: Guid(f3cad628c886515468e4edc02e4d5eff) Importer(815301076,1909f56bfc062723c751e8b465ee728b)
Start importing Assets/AssetPacks/OfficeAssets/Prefabs/Props/Furniture/SM_Prop_Desk_Treadmill_01.prefab using Guid(f3cad628c886515468e4edc02e4d5eff) Importer(815301076,1909f56bfc062723c751e8b465ee728b)  -> (artifact id: '3eab1afa36eaba86f5a076fd370d3e4c') in 0.492625 seconds 
  Import took 0.526598 seconds .

========================================================================
Received Import Request.
  Time since last request: 0.000214 seconds.
  path: Assets/AssetPacks/OfficeAssets/Prefabs/Props/Furniture/SM_Prop_Divider_01.prefab
  artifactKey: Guid(fbe9cf2653057f44097eeddd318b5848) Importer(815301076,1909f56bfc062723c751e8b465ee728b)
Start importing Assets/AssetPacks/OfficeAssets/Prefabs/Props/Furniture/SM_Prop_Divider_01.prefab using Guid(fbe9cf2653057f44097eeddd318b5848) Importer(815301076,1909f56bfc062723c751e8b465ee728b)  -> (artifact id: '4d1d58414c9094d854d99d803618f569') in 0.515338 seconds 
  Import took 0.554954 seconds .

========================================================================
Received Import Request.
  Time since last request: 4.596900 seconds.
  path: Assets/AssetPacks/OfficeAssets/Prefabs/Props/Furniture/SM_Prop_Divider_Folding_01.prefab
  artifactKey: Guid(30634ea8b2861324e9c8c37778bccca5) Importer(815301076,1909f56bfc062723c751e8b465ee728b)
Start importing Assets/AssetPacks/OfficeAssets/Prefabs/Props/Furniture/SM_Prop_Divider_Folding_01.prefab using Guid(30634ea8b2861324e9c8c37778bccca5) Importer(815301076,1909f56bfc062723c751e8b465ee728b)  -> (artifact id: '49cdfb58cb2f6d7aa778dc05ef9d2571') in 0.502950 seconds 
  Import took 0.526211 seconds .

========================================================================
Received Import Request.
  Time since last request: 0.000282 seconds.
  path: Assets/AssetPacks/OfficeAssets/Prefabs/Props/Furniture/SM_Prop_Divider_Half_01.prefab
  artifactKey: Guid(5e8a166929e85ed46b6e9e83374d120f) Importer(815301076,1909f56bfc062723c751e8b465ee728b)
Start importing Assets/AssetPacks/OfficeAssets/Prefabs/Props/Furniture/SM_Prop_Divider_Half_01.prefab using Guid(5e8a166929e85ed46b6e9e83374d120f) Importer(815301076,1909f56bfc062723c751e8b465ee728b)  -> (artifact id: '2eb911d92b1367142ca0e97207912944') in 0.494631 seconds 
  Import took 0.527573 seconds .

========================================================================
Received Import Request.
  Time since last request: 0.000491 seconds.
  path: Assets/AssetPacks/OfficeAssets/Prefabs/Props/Furniture/SM_Prop_Divider_Folding_01_Preset.prefab
  artifactKey: Guid(649ac6cc6977d904f86dfd30bcc2dac6) Importer(815301076,1909f56bfc062723c751e8b465ee728b)
Start importing Assets/AssetPacks/OfficeAssets/Prefabs/Props/Furniture/SM_Prop_Divider_Folding_01_Preset.prefab using Guid(649ac6cc6977d904f86dfd30bcc2dac6) Importer(815301076,1909f56bfc062723c751e8b465ee728b)  -> (artifact id: 'a70c42a0a88de0da70b89b6d9701730c') in 0.496106 seconds 
  Import took 0.534982 seconds .

========================================================================
Received Import Request.
  Time since last request: 81.477630 seconds.
  path: Assets/AssetPacks/OfficeAssets/Prefabs/Props/Desk Props/SM_Prop_Alcohol_Bottle_01.prefab
  artifactKey: Guid(84897346c76ecaa45af8b67ed3bfc9b8) Importer(815301076,1909f56bfc062723c751e8b465ee728b)
Start importing Assets/AssetPacks/OfficeAssets/Prefabs/Props/Desk Props/SM_Prop_Alcohol_Bottle_01.prefab using Guid(84897346c76ecaa45af8b67ed3bfc9b8) Importer(815301076,1909f56bfc062723c751e8b465ee728b)  -> (artifact id: 'd4e1d220d1e348dec7881c37e9ea6d9c') in 0.566897 seconds 
  Import took 0.596740 seconds .

========================================================================
Received Import Request.
  Time since last request: 39.957776 seconds.
  path: Assets/AssetPacks/OfficeAssets/Prefabs/Props/Desk Props/SM_Prop_Computer_Monitor_01.prefab
  artifactKey: Guid(830cb1fbbcb273c4f804922226ab2712) Importer(815301076,1909f56bfc062723c751e8b465ee728b)
Start importing Assets/AssetPacks/OfficeAssets/Prefabs/Props/Desk Props/SM_Prop_Computer_Monitor_01.prefab using Guid(830cb1fbbcb273c4f804922226ab2712) Importer(815301076,1909f56bfc062723c751e8b465ee728b)  -> (artifact id: 'f49848aab2ed3242169d3d8ed15081af') in 0.627695 seconds 
  Import took 0.648249 seconds .

========================================================================
Received Import Request.
  Time since last request: 0.002449 seconds.
  path: Assets/AssetPacks/OfficeAssets/Prefabs/Props/Desk Props/SM_Prop_Computer_Monitor_02.prefab
  artifactKey: Guid(4f1d56b69ce731149ab378a45371cfc5) Importer(815301076,1909f56bfc062723c751e8b465ee728b)
Start importing Assets/AssetPacks/OfficeAssets/Prefabs/Props/Desk Props/SM_Prop_Computer_Monitor_02.prefab using Guid(4f1d56b69ce731149ab378a45371cfc5) Importer(815301076,1909f56bfc062723c751e8b465ee728b)  -> (artifact id: '13f9c415580ce03513bc4ed993f5658b') in 0.568949 seconds 
  Import took 0.585834 seconds .

========================================================================
Received Import Request.
  Time since last request: 0.000221 seconds.
  path: Assets/AssetPacks/OfficeAssets/Prefabs/Props/Desk Props/SM_Prop_Computer_Monitor_03.prefab
  artifactKey: Guid(6aa7f2f9d653ab646a3ef7c8f33ba8af) Importer(815301076,1909f56bfc062723c751e8b465ee728b)
Start importing Assets/AssetPacks/OfficeAssets/Prefabs/Props/Desk Props/SM_Prop_Computer_Monitor_03.prefab using Guid(6aa7f2f9d653ab646a3ef7c8f33ba8af) Importer(815301076,1909f56bfc062723c751e8b465ee728b)  -> (artifact id: '1dbbd35edea61187c19b0e2371687062') in 0.557353 seconds 
  Import took 0.565301 seconds .

========================================================================
Received Import Request.
  Time since last request: 1.242271 seconds.
  path: Assets/AssetPacks/OfficeAssets/Prefabs/Props/Desk Props/SM_Prop_Computer_Keyboard_02.prefab
  artifactKey: Guid(cb482d3585fba19459a60a7d1489669b) Importer(815301076,1909f56bfc062723c751e8b465ee728b)
Start importing Assets/AssetPacks/OfficeAssets/Prefabs/Props/Desk Props/SM_Prop_Computer_Keyboard_02.prefab using Guid(cb482d3585fba19459a60a7d1489669b) Importer(815301076,1909f56bfc062723c751e8b465ee728b)  -> (artifact id: 'add0a11dd52051589ede208725814ac7') in 0.656164 seconds 
  Import took 0.681802 seconds .

========================================================================
Received Import Request.
  Time since last request: 3.277446 seconds.
  path: Assets/AssetPacks/OfficeAssets/Prefabs/Props/Desk Props/SM_Prop_Computer_Monitor_Triple_01.prefab
  artifactKey: Guid(31c508ba47e90384c8c3bb93f923979a) Importer(815301076,1909f56bfc062723c751e8b465ee728b)
Start importing Assets/AssetPacks/OfficeAssets/Prefabs/Props/Desk Props/SM_Prop_Computer_Monitor_Triple_01.prefab using Guid(31c508ba47e90384c8c3bb93f923979a) Importer(815301076,1909f56bfc062723c751e8b465ee728b)  -> (artifact id: '426b3ef4bf13e31c30e6063eb5f58903') in 0.624857 seconds 
  Import took 0.633904 seconds .

========================================================================
Received Import Request.
  Time since last request: 42.246913 seconds.
  path: Assets/AssetPacks/OfficeAssets/Prefabs/Props/Desk Props/SM_Prop_Computer_Keyboard_01.prefab
  artifactKey: Guid(38e262f87c3088345a95b8ff628f0ce5) Importer(815301076,1909f56bfc062723c751e8b465ee728b)
Start importing Assets/AssetPacks/OfficeAssets/Prefabs/Props/Desk Props/SM_Prop_Computer_Keyboard_01.prefab using Guid(38e262f87c3088345a95b8ff628f0ce5) Importer(815301076,1909f56bfc062723c751e8b465ee728b)  -> (artifact id: '99744bece1db4d154da6359b163aca65') in 0.504297 seconds 
  Import took 0.538054 seconds .

========================================================================
Received Import Request.
  Time since last request: 4.418316 seconds.
  path: Assets/AssetPacks/OfficeAssets/Prefabs/Props/Desk Props/SM_Prop_Computer_Mouse_03.prefab
  artifactKey: Guid(bd48c7258d3904348bce89d2a95ccb03) Importer(815301076,1909f56bfc062723c751e8b465ee728b)
Start importing Assets/AssetPacks/OfficeAssets/Prefabs/Props/Desk Props/SM_Prop_Computer_Mouse_03.prefab using Guid(bd48c7258d3904348bce89d2a95ccb03) Importer(815301076,1909f56bfc062723c751e8b465ee728b)  -> (artifact id: '07e1a1d3daa58ccb439f3abdc4b0ebc9') in 0.532528 seconds 
  Import took 0.555659 seconds .

========================================================================
Received Import Request.
  Time since last request: 0.277402 seconds.
  path: Assets/AssetPacks/OfficeAssets/Prefabs/Props/Desk Props/SM_Prop_Computer_Mouse_02.prefab
  artifactKey: Guid(da25bd573f3cca9459ab47a1072e5c32) Importer(815301076,1909f56bfc062723c751e8b465ee728b)
Start importing Assets/AssetPacks/OfficeAssets/Prefabs/Props/Desk Props/SM_Prop_Computer_Mouse_02.prefab using Guid(da25bd573f3cca9459ab47a1072e5c32) Importer(815301076,1909f56bfc062723c751e8b465ee728b)  -> (artifact id: '5eb4f816cd41b8307f6962b91486c90e') in 0.501380 seconds 
  Import took 0.526744 seconds .

========================================================================
Received Import Request.
  Time since last request: 1.543211 seconds.
  path: Assets/AssetPacks/OfficeAssets/Prefabs/Props/Desk Props/SM_Prop_Computer_Mouse_01.prefab
  artifactKey: Guid(4d7079b3e94aad944aa1776bcbea2fda) Importer(815301076,1909f56bfc062723c751e8b465ee728b)
Start importing Assets/AssetPacks/OfficeAssets/Prefabs/Props/Desk Props/SM_Prop_Computer_Mouse_01.prefab using Guid(4d7079b3e94aad944aa1776bcbea2fda) Importer(815301076,1909f56bfc062723c751e8b465ee728b)  -> (artifact id: '7f6186b484b9aa2d6eae362cdca20466') in 0.519499 seconds 
  Import took 0.528647 seconds .

========================================================================
Received Import Request.
  Time since last request: 9.628659 seconds.
  path: Assets/AssetPacks/OfficeAssets/Prefabs/Props/Desk Props/SM_Prop_Headset_02.prefab
  artifactKey: Guid(0166f0b65532d494e86bb2204e7975ec) Importer(815301076,1909f56bfc062723c751e8b465ee728b)
Start importing Assets/AssetPacks/OfficeAssets/Prefabs/Props/Desk Props/SM_Prop_Headset_02.prefab using Guid(0166f0b65532d494e86bb2204e7975ec) Importer(815301076,1909f56bfc062723c751e8b465ee728b)  -> (artifact id: '79cf86166ef1d0c99d37756794470c69') in 0.579559 seconds 
  Import took 0.589539 seconds .

========================================================================
Received Prepare
Registering precompiled user dll's ...
Registered in 0.005733 seconds.
Begin MonoManager ReloadAssembly
Native extension for WindowsStandalone target not found
Refreshing native plugins compatible for Editor in 1.59 ms, found 2 plugins.
Preloading 0 native plugins for Editor in 0.00 ms.
Mono: successfully reloaded assembly
- Completed reload, in  1.409 seconds
Domain Reload Profiling:
	ReloadAssembly (1410ms)
		BeginReloadAssembly (152ms)
			ExecutionOrderSort (0ms)
			DisableScriptedObjects (8ms)
			BackupInstance (0ms)
			ReleaseScriptingObjects (0ms)
			CreateAndSetChildDomain (49ms)
		EndReloadAssembly (1184ms)
			LoadAssemblies (99ms)
			RebuildTransferFunctionScriptingTraits (0ms)
			SetupTypeCache (401ms)
			ReleaseScriptCaches (1ms)
			RebuildScriptCaches (53ms)
			SetupLoadedEditorAssemblies (445ms)
				LogAssemblyErrors (0ms)
				InitializePlatformSupportModulesInManaged (4ms)
				SetLoadedEditorAssemblies (0ms)
				RefreshPlugins (2ms)
				BeforeProcessingInitializeOnLoad (94ms)
				ProcessInitializeOnLoadAttributes (332ms)
				ProcessInitializeOnLoadMethodAttributes (6ms)
				AfterProcessingInitializeOnLoad (7ms)
				EditorAssembliesLoaded (0ms)
			ExecutionOrderSort2 (0ms)
			AwakeInstancesAfterBackupRestoration (20ms)
Platform modules already initialized, skipping
Switching build target platform(19) subTarget(0) extendedPlatform(0) -> platform(13) subTarget(537395200) extendedPlatform(0)
Shader 'Universal Render Pipeline/Particles/Lit': fallback shader 'Universal Render Pipeline/Particles/SimpleLit' not found
Refreshing native plugins compatible for Editor in 3.99 ms, found 2 plugins.
Preloading 0 native plugins for Editor in 0.00 ms.
Unloading 2771 Unused Serialized files (Serialized files now loaded: 0)
System memory in use before: 210.4 MB.
System memory in use after: 210.6 MB.

Unloading 17 unused Assets to reduce memory usage. Loaded Objects now: 3380.
Total: 7.080800 ms (FindLiveObjects: 0.398100 ms CreateObjectMapping: 0.231200 ms MarkObjects: 6.410400 ms  DeleteObjects: 0.038500 ms)

AssetImportParameters requested are different than current active one (requested -> active):
  custom:framework-win-MediaFoundation: 216162199b28c13a410421893ffa2e32 -> 
  custom:video-decoder-ogg-theora: a1e56fd34408186e4bbccfd4996cb3dc -> 
  custom:container-muxer-webm: aa71ff27fc2769a1b78a27578f13a17b -> 
  custom:container-demuxer-webm: 4f35f7cbe854078d1ac9338744f61a02 -> 
  custom:container-demuxer-ogg: 62fdf1f143b41e24485cea50d1cbac27 -> 
  custom:video-encoder-webm-vp8: eb34c28f22e8b96e1ab97ce403110664 -> 
  custom:video-decoder-webm-vp8: 9c59270c3fd7afecdb556c50c9e8de78 -> 
  custom:graphics/normal-map-encoding: 01000000000000000000000000000000 -> 02000000000000000000000000000000
  custom:audio-decoder-ogg-vorbis: bf7c407c2cedff20999df2af8eb42d56 -> 
  custom:audio-encoder-webm-vorbis: bf7c407c2cedff20999df2af8eb42d56 -> 
========================================================================
Received Prepare
Registering precompiled user dll's ...
Registered in 0.006006 seconds.
Begin MonoManager ReloadAssembly
Native extension for WindowsStandalone target not found
Refreshing native plugins compatible for Editor in 1.53 ms, found 2 plugins.
Preloading 0 native plugins for Editor in 0.00 ms.
Mono: successfully reloaded assembly
- Completed reload, in  1.450 seconds
Domain Reload Profiling:
	ReloadAssembly (1451ms)
		BeginReloadAssembly (137ms)
			ExecutionOrderSort (0ms)
			DisableScriptedObjects (5ms)
			BackupInstance (0ms)
			ReleaseScriptingObjects (0ms)
			CreateAndSetChildDomain (44ms)
		EndReloadAssembly (1232ms)
			LoadAssemblies (104ms)
			RebuildTransferFunctionScriptingTraits (0ms)
			SetupTypeCache (429ms)
			ReleaseScriptCaches (2ms)
			RebuildScriptCaches (52ms)
			SetupLoadedEditorAssemblies (462ms)
				LogAssemblyErrors (0ms)
				InitializePlatformSupportModulesInManaged (4ms)
				SetLoadedEditorAssemblies (0ms)
				RefreshPlugins (2ms)
				BeforeProcessingInitializeOnLoad (97ms)
				ProcessInitializeOnLoadAttributes (346ms)
				ProcessInitializeOnLoadMethodAttributes (6ms)
				AfterProcessingInitializeOnLoad (7ms)
				EditorAssembliesLoaded (0ms)
			ExecutionOrderSort2 (0ms)
			AwakeInstancesAfterBackupRestoration (20ms)
Platform modules already initialized, skipping
Switching build target platform(19) subTarget(0) extendedPlatform(0) -> platform(13) subTarget(537395200) extendedPlatform(0)
Shader 'Universal Render Pipeline/Particles/Lit': fallback shader 'Universal Render Pipeline/Particles/SimpleLit' not found
Refreshing native plugins compatible for Editor in 1.67 ms, found 2 plugins.
Preloading 0 native plugins for Editor in 0.00 ms.
Unloading 2771 Unused Serialized files (Serialized files now loaded: 0)
System memory in use before: 210.4 MB.
System memory in use after: 210.6 MB.

Unloading 17 unused Assets to reduce memory usage. Loaded Objects now: 3382.
Total: 4.149200 ms (FindLiveObjects: 0.287500 ms CreateObjectMapping: 0.135800 ms MarkObjects: 3.704300 ms  DeleteObjects: 0.020200 ms)

AssetImportParameters requested are different than current active one (requested -> active):
  custom:framework-win-MediaFoundation: 216162199b28c13a410421893ffa2e32 -> 
  custom:video-decoder-ogg-theora: a1e56fd34408186e4bbccfd4996cb3dc -> 
  custom:container-muxer-webm: aa71ff27fc2769a1b78a27578f13a17b -> 
  custom:container-demuxer-webm: 4f35f7cbe854078d1ac9338744f61a02 -> 
  custom:container-demuxer-ogg: 62fdf1f143b41e24485cea50d1cbac27 -> 
  custom:video-encoder-webm-vp8: eb34c28f22e8b96e1ab97ce403110664 -> 
  custom:video-decoder-webm-vp8: 9c59270c3fd7afecdb556c50c9e8de78 -> 
  custom:graphics/normal-map-encoding: 01000000000000000000000000000000 -> 02000000000000000000000000000000
  custom:audio-decoder-ogg-vorbis: bf7c407c2cedff20999df2af8eb42d56 -> 
  custom:audio-encoder-webm-vorbis: bf7c407c2cedff20999df2af8eb42d56 -> 
========================================================================
Received Prepare
Registering precompiled user dll's ...
Registered in 0.005321 seconds.
Begin MonoManager ReloadAssembly
Native extension for WindowsStandalone target not found
Refreshing native plugins compatible for Editor in 1.66 ms, found 2 plugins.
Preloading 0 native plugins for Editor in 0.00 ms.
Mono: successfully reloaded assembly
- Completed reload, in  1.473 seconds
Domain Reload Profiling:
	ReloadAssembly (1473ms)
		BeginReloadAssembly (138ms)
			ExecutionOrderSort (0ms)
			DisableScriptedObjects (5ms)
			BackupInstance (0ms)
			ReleaseScriptingObjects (0ms)
			CreateAndSetChildDomain (50ms)
		EndReloadAssembly (1264ms)
			LoadAssemblies (105ms)
			RebuildTransferFunctionScriptingTraits (0ms)
			SetupTypeCache (382ms)
			ReleaseScriptCaches (1ms)
			RebuildScriptCaches (54ms)
			SetupLoadedEditorAssemblies (512ms)
				LogAssemblyErrors (0ms)
				InitializePlatformSupportModulesInManaged (5ms)
				SetLoadedEditorAssemblies (1ms)
				RefreshPlugins (2ms)
				BeforeProcessingInitializeOnLoad (101ms)
				ProcessInitializeOnLoadAttributes (390ms)
				ProcessInitializeOnLoadMethodAttributes (7ms)
				AfterProcessingInitializeOnLoad (7ms)
				EditorAssembliesLoaded (0ms)
			ExecutionOrderSort2 (0ms)
			AwakeInstancesAfterBackupRestoration (20ms)
Platform modules already initialized, skipping
Switching build target platform(19) subTarget(0) extendedPlatform(0) -> platform(13) subTarget(537395200) extendedPlatform(0)
Shader 'Universal Render Pipeline/Particles/Lit': fallback shader 'Universal Render Pipeline/Particles/SimpleLit' not found
Refreshing native plugins compatible for Editor in 1.61 ms, found 2 plugins.
Preloading 0 native plugins for Editor in 0.00 ms.
Unloading 2771 Unused Serialized files (Serialized files now loaded: 0)
System memory in use before: 210.4 MB.
System memory in use after: 210.7 MB.

Unloading 17 unused Assets to reduce memory usage. Loaded Objects now: 3384.
Total: 5.137400 ms (FindLiveObjects: 0.697100 ms CreateObjectMapping: 0.385700 ms MarkObjects: 4.020700 ms  DeleteObjects: 0.032500 ms)

AssetImportParameters requested are different than current active one (requested -> active):
  custom:framework-win-MediaFoundation: 216162199b28c13a410421893ffa2e32 -> 
  custom:video-decoder-ogg-theora: a1e56fd34408186e4bbccfd4996cb3dc -> 
  custom:container-muxer-webm: aa71ff27fc2769a1b78a27578f13a17b -> 
  custom:container-demuxer-webm: 4f35f7cbe854078d1ac9338744f61a02 -> 
  custom:container-demuxer-ogg: 62fdf1f143b41e24485cea50d1cbac27 -> 
  custom:video-encoder-webm-vp8: eb34c28f22e8b96e1ab97ce403110664 -> 
  custom:video-decoder-webm-vp8: 9c59270c3fd7afecdb556c50c9e8de78 -> 
  custom:graphics/normal-map-encoding: 01000000000000000000000000000000 -> 02000000000000000000000000000000
  custom:audio-decoder-ogg-vorbis: bf7c407c2cedff20999df2af8eb42d56 -> 
  custom:audio-encoder-webm-vorbis: bf7c407c2cedff20999df2af8eb42d56 -> 
========================================================================
Received Prepare
Registering precompiled user dll's ...
Registered in 0.006017 seconds.
Begin MonoManager ReloadAssembly
Native extension for WindowsStandalone target not found
Refreshing native plugins compatible for Editor in 1.57 ms, found 2 plugins.
Preloading 0 native plugins for Editor in 0.00 ms.
Mono: successfully reloaded assembly
- Completed reload, in  1.392 seconds
Domain Reload Profiling:
	ReloadAssembly (1393ms)
		BeginReloadAssembly (134ms)
			ExecutionOrderSort (0ms)
			DisableScriptedObjects (5ms)
			BackupInstance (0ms)
			ReleaseScriptingObjects (0ms)
			CreateAndSetChildDomain (43ms)
		EndReloadAssembly (1172ms)
			LoadAssemblies (101ms)
			RebuildTransferFunctionScriptingTraits (0ms)
			SetupTypeCache (383ms)
			ReleaseScriptCaches (2ms)
			RebuildScriptCaches (51ms)
			SetupLoadedEditorAssemblies (448ms)
				LogAssemblyErrors (0ms)
				InitializePlatformSupportModulesInManaged (4ms)
				SetLoadedEditorAssemblies (1ms)
				RefreshPlugins (2ms)
				BeforeProcessingInitializeOnLoad (97ms)
				ProcessInitializeOnLoadAttributes (331ms)
				ProcessInitializeOnLoadMethodAttributes (6ms)
				AfterProcessingInitializeOnLoad (7ms)
				EditorAssembliesLoaded (0ms)
			ExecutionOrderSort2 (0ms)
			AwakeInstancesAfterBackupRestoration (18ms)
Platform modules already initialized, skipping
Switching build target platform(19) subTarget(0) extendedPlatform(0) -> platform(13) subTarget(537395200) extendedPlatform(0)
Shader 'Universal Render Pipeline/Particles/Lit': fallback shader 'Universal Render Pipeline/Particles/SimpleLit' not found
Refreshing native plugins compatible for Editor in 1.58 ms, found 2 plugins.
Preloading 0 native plugins for Editor in 0.00 ms.
Unloading 2771 Unused Serialized files (Serialized files now loaded: 0)
System memory in use before: 210.5 MB.
System memory in use after: 210.7 MB.

Unloading 17 unused Assets to reduce memory usage. Loaded Objects now: 3386.
Total: 4.311500 ms (FindLiveObjects: 0.353600 ms CreateObjectMapping: 0.390000 ms MarkObjects: 3.522900 ms  DeleteObjects: 0.044000 ms)

AssetImportParameters requested are different than current active one (requested -> active):
  custom:framework-win-MediaFoundation: 216162199b28c13a410421893ffa2e32 -> 
  custom:video-decoder-ogg-theora: a1e56fd34408186e4bbccfd4996cb3dc -> 
  custom:container-muxer-webm: aa71ff27fc2769a1b78a27578f13a17b -> 
  custom:container-demuxer-webm: 4f35f7cbe854078d1ac9338744f61a02 -> 
  custom:container-demuxer-ogg: 62fdf1f143b41e24485cea50d1cbac27 -> 
  custom:video-encoder-webm-vp8: eb34c28f22e8b96e1ab97ce403110664 -> 
  custom:video-decoder-webm-vp8: 9c59270c3fd7afecdb556c50c9e8de78 -> 
  custom:graphics/normal-map-encoding: 01000000000000000000000000000000 -> 02000000000000000000000000000000
  custom:audio-decoder-ogg-vorbis: bf7c407c2cedff20999df2af8eb42d56 -> 
  custom:audio-encoder-webm-vorbis: bf7c407c2cedff20999df2af8eb42d56 -> 
========================================================================
Received Prepare
Registering precompiled user dll's ...
Registered in 0.005337 seconds.
Begin MonoManager ReloadAssembly
Native extension for WindowsStandalone target not found
Refreshing native plugins compatible for Editor in 1.60 ms, found 2 plugins.
Preloading 0 native plugins for Editor in 0.00 ms.
Mono: successfully reloaded assembly
- Completed reload, in  1.445 seconds
Domain Reload Profiling:
	ReloadAssembly (1446ms)
		BeginReloadAssembly (134ms)
			ExecutionOrderSort (0ms)
			DisableScriptedObjects (6ms)
			BackupInstance (0ms)
			ReleaseScriptingObjects (0ms)
			CreateAndSetChildDomain (44ms)
		EndReloadAssembly (1235ms)
			LoadAssemblies (103ms)
			RebuildTransferFunctionScriptingTraits (0ms)
			SetupTypeCache (402ms)
			ReleaseScriptCaches (1ms)
			RebuildScriptCaches (52ms)
			SetupLoadedEditorAssemblies (473ms)
				LogAssemblyErrors (0ms)
				InitializePlatformSupportModulesInManaged (5ms)
				SetLoadedEditorAssemblies (0ms)
				RefreshPlugins (2ms)
				BeforeProcessingInitializeOnLoad (101ms)
				ProcessInitializeOnLoadAttributes (350ms)
				ProcessInitializeOnLoadMethodAttributes (7ms)
				AfterProcessingInitializeOnLoad (7ms)
				EditorAssembliesLoaded (0ms)
			ExecutionOrderSort2 (0ms)
			AwakeInstancesAfterBackupRestoration (17ms)
Platform modules already initialized, skipping
Switching build target platform(19) subTarget(0) extendedPlatform(0) -> platform(13) subTarget(537395200) extendedPlatform(0)
Shader 'Universal Render Pipeline/Particles/Lit': fallback shader 'Universal Render Pipeline/Particles/SimpleLit' not found
Refreshing native plugins compatible for Editor in 1.62 ms, found 2 plugins.
Preloading 0 native plugins for Editor in 0.00 ms.
Unloading 2771 Unused Serialized files (Serialized files now loaded: 0)
System memory in use before: 210.5 MB.
System memory in use after: 210.7 MB.

Unloading 17 unused Assets to reduce memory usage. Loaded Objects now: 3388.
Total: 4.125600 ms (FindLiveObjects: 0.341600 ms CreateObjectMapping: 0.141300 ms MarkObjects: 3.609200 ms  DeleteObjects: 0.031800 ms)

AssetImportParameters requested are different than current active one (requested -> active):
  custom:framework-win-MediaFoundation: 216162199b28c13a410421893ffa2e32 -> 
  custom:video-decoder-ogg-theora: a1e56fd34408186e4bbccfd4996cb3dc -> 
  custom:container-muxer-webm: aa71ff27fc2769a1b78a27578f13a17b -> 
  custom:container-demuxer-webm: 4f35f7cbe854078d1ac9338744f61a02 -> 
  custom:container-demuxer-ogg: 62fdf1f143b41e24485cea50d1cbac27 -> 
  custom:video-encoder-webm-vp8: eb34c28f22e8b96e1ab97ce403110664 -> 
  custom:video-decoder-webm-vp8: 9c59270c3fd7afecdb556c50c9e8de78 -> 
  custom:graphics/normal-map-encoding: 01000000000000000000000000000000 -> 02000000000000000000000000000000
  custom:audio-decoder-ogg-vorbis: bf7c407c2cedff20999df2af8eb42d56 -> 
  custom:audio-encoder-webm-vorbis: bf7c407c2cedff20999df2af8eb42d56 -> 
========================================================================
Received Prepare
Registering precompiled user dll's ...
Registered in 0.005186 seconds.
Begin MonoManager ReloadAssembly
Native extension for WindowsStandalone target not found
Refreshing native plugins compatible for Editor in 1.59 ms, found 2 plugins.
Preloading 0 native plugins for Editor in 0.00 ms.
Mono: successfully reloaded assembly
- Completed reload, in  1.448 seconds
Domain Reload Profiling:
	ReloadAssembly (1448ms)
		BeginReloadAssembly (133ms)
			ExecutionOrderSort (0ms)
			DisableScriptedObjects (7ms)
			BackupInstance (0ms)
			ReleaseScriptingObjects (0ms)
			CreateAndSetChildDomain (45ms)
		EndReloadAssembly (1238ms)
			LoadAssemblies (110ms)
			RebuildTransferFunctionScriptingTraits (0ms)
			SetupTypeCache (406ms)
			ReleaseScriptCaches (2ms)
			RebuildScriptCaches (52ms)
			SetupLoadedEditorAssemblies (453ms)
				LogAssemblyErrors (0ms)
				InitializePlatformSupportModulesInManaged (5ms)
				SetLoadedEditorAssemblies (1ms)
				RefreshPlugins (2ms)
				BeforeProcessingInitializeOnLoad (97ms)
				ProcessInitializeOnLoadAttributes (335ms)
				ProcessInitializeOnLoadMethodAttributes (7ms)
				AfterProcessingInitializeOnLoad (7ms)
				EditorAssembliesLoaded (0ms)
			ExecutionOrderSort2 (0ms)
			AwakeInstancesAfterBackupRestoration (18ms)
Platform modules already initialized, skipping
Switching build target platform(19) subTarget(0) extendedPlatform(0) -> platform(13) subTarget(537395200) extendedPlatform(0)
Shader 'Universal Render Pipeline/Particles/Lit': fallback shader 'Universal Render Pipeline/Particles/SimpleLit' not found
Refreshing native plugins compatible for Editor in 1.82 ms, found 2 plugins.
Preloading 0 native plugins for Editor in 0.00 ms.
Unloading 2771 Unused Serialized files (Serialized files now loaded: 0)
System memory in use before: 210.5 MB.
System memory in use after: 210.7 MB.

Unloading 17 unused Assets to reduce memory usage. Loaded Objects now: 3390.
Total: 4.636100 ms (FindLiveObjects: 0.368900 ms CreateObjectMapping: 0.381300 ms MarkObjects: 3.853100 ms  DeleteObjects: 0.031600 ms)

AssetImportParameters requested are different than current active one (requested -> active):
  custom:framework-win-MediaFoundation: 216162199b28c13a410421893ffa2e32 -> 
  custom:video-decoder-ogg-theora: a1e56fd34408186e4bbccfd4996cb3dc -> 
  custom:container-muxer-webm: aa71ff27fc2769a1b78a27578f13a17b -> 
  custom:container-demuxer-webm: 4f35f7cbe854078d1ac9338744f61a02 -> 
  custom:container-demuxer-ogg: 62fdf1f143b41e24485cea50d1cbac27 -> 
  custom:video-encoder-webm-vp8: eb34c28f22e8b96e1ab97ce403110664 -> 
  custom:video-decoder-webm-vp8: 9c59270c3fd7afecdb556c50c9e8de78 -> 
  custom:graphics/normal-map-encoding: 01000000000000000000000000000000 -> 02000000000000000000000000000000
  custom:audio-decoder-ogg-vorbis: bf7c407c2cedff20999df2af8eb42d56 -> 
  custom:audio-encoder-webm-vorbis: bf7c407c2cedff20999df2af8eb42d56 -> 
========================================================================
Received Prepare
Registering precompiled user dll's ...
Registered in 0.005645 seconds.
Begin MonoManager ReloadAssembly
Native extension for WindowsStandalone target not found
Refreshing native plugins compatible for Editor in 1.57 ms, found 2 plugins.
Preloading 0 native plugins for Editor in 0.00 ms.
Mono: successfully reloaded assembly
- Completed reload, in  1.391 seconds
Domain Reload Profiling:
	ReloadAssembly (1392ms)
		BeginReloadAssembly (135ms)
			ExecutionOrderSort (0ms)
			DisableScriptedObjects (5ms)
			BackupInstance (0ms)
			ReleaseScriptingObjects (0ms)
			CreateAndSetChildDomain (43ms)
		EndReloadAssembly (1184ms)
			LoadAssemblies (102ms)
			RebuildTransferFunctionScriptingTraits (0ms)
			SetupTypeCache (377ms)
			ReleaseScriptCaches (1ms)
			RebuildScriptCaches (52ms)
			SetupLoadedEditorAssemblies (447ms)
				LogAssemblyErrors (0ms)
				InitializePlatformSupportModulesInManaged (4ms)
				SetLoadedEditorAssemblies (1ms)
				RefreshPlugins (2ms)
				BeforeProcessingInitializeOnLoad (95ms)
				ProcessInitializeOnLoadAttributes (332ms)
				ProcessInitializeOnLoadMethodAttributes (6ms)
				AfterProcessingInitializeOnLoad (8ms)
				EditorAssembliesLoaded (0ms)
			ExecutionOrderSort2 (0ms)
			AwakeInstancesAfterBackupRestoration (18ms)
Platform modules already initialized, skipping
Switching build target platform(19) subTarget(0) extendedPlatform(0) -> platform(13) subTarget(537395200) extendedPlatform(0)
Shader 'Universal Render Pipeline/Particles/Lit': fallback shader 'Universal Render Pipeline/Particles/SimpleLit' not found
Refreshing native plugins compatible for Editor in 2.21 ms, found 2 plugins.
Preloading 0 native plugins for Editor in 0.00 ms.
Unloading 2771 Unused Serialized files (Serialized files now loaded: 0)
System memory in use before: 210.5 MB.
System memory in use after: 210.7 MB.

Unloading 17 unused Assets to reduce memory usage. Loaded Objects now: 3392.
Total: 4.683400 ms (FindLiveObjects: 0.394700 ms CreateObjectMapping: 0.281400 ms MarkObjects: 3.956300 ms  DeleteObjects: 0.050000 ms)

AssetImportParameters requested are different than current active one (requested -> active):
  custom:framework-win-MediaFoundation: 216162199b28c13a410421893ffa2e32 -> 
  custom:video-decoder-ogg-theora: a1e56fd34408186e4bbccfd4996cb3dc -> 
  custom:container-muxer-webm: aa71ff27fc2769a1b78a27578f13a17b -> 
  custom:container-demuxer-webm: 4f35f7cbe854078d1ac9338744f61a02 -> 
  custom:container-demuxer-ogg: 62fdf1f143b41e24485cea50d1cbac27 -> 
  custom:video-encoder-webm-vp8: eb34c28f22e8b96e1ab97ce403110664 -> 
  custom:video-decoder-webm-vp8: 9c59270c3fd7afecdb556c50c9e8de78 -> 
  custom:graphics/normal-map-encoding: 01000000000000000000000000000000 -> 02000000000000000000000000000000
  custom:audio-decoder-ogg-vorbis: bf7c407c2cedff20999df2af8eb42d56 -> 
  custom:audio-encoder-webm-vorbis: bf7c407c2cedff20999df2af8eb42d56 -> 
AssetImportWorkerClient::OnTransportError - code=2 error=End of file
